[2026-06-03 00:24:36] REQUEST: {"request_id":"DAT_20260603002436_2262","serviceID":"airtel-data","variation_code":"airt-50","phone":"09076602239","amount":49.99,"billersCode":"09076602239","subscription_type":"change"}
[2026-06-03 00:24:37] HTTP_CODE: 401
[2026-06-03 00:24:37] RAW_RESPONSE: "Invalid credentials."
[2026-06-03 10:31:33] REQUEST: {"request_id":"AIR_20260603103133_3337","serviceID":"airtel","amount":100,"phone":"09076602239"}
[2026-06-03 10:31:37] HTTP_CODE: 401
[2026-06-03 10:31:37] RAW_RESPONSE: "Invalid Credentials."
[2026-06-03 10:32:08] REQUEST: {"request_id":"AIR_20260603103208_7865","serviceID":"airtel","amount":100,"phone":"09076602239"}
[2026-06-03 10:32:09] HTTP_CODE: 401
[2026-06-03 10:32:09] RAW_RESPONSE: "Invalid Credentials."
[2026-06-03 10:39:23] REQUEST: {"request_id":"AIR_20260603103923_4459","serviceID":"airtel","amount":100,"phone":"09076602239"}
[2026-06-03 10:39:24] HTTP_CODE: 401
[2026-06-03 10:39:24] RAW_RESPONSE: "Invalid Credentials."
[2026-06-03 10:42:50] REQUEST: {"request_id":"AIR_20260603104250_3813","serviceID":"airtel","amount":50,"phone":"09076602239"}
[2026-06-03 10:42:52] HTTP_CODE: 401
[2026-06-03 10:42:52] RAW_RESPONSE: "Invalid Credentials."
[2026-06-03 10:49:26] REQUEST: {"request_id":"AIR_20260603104926_6227","serviceID":"airtel","amount":50,"phone":"09076602239"}
[2026-06-03 10:49:27] HTTP_CODE: 401
[2026-06-03 10:49:27] RAW_RESPONSE: "Invalid Credentials."
[2026-06-03 10:55:38] REQUEST: {"request_id":"AIR_20260603105538_4722","serviceID":"airtel","amount":50,"phone":"09076602239"}
[2026-06-03 10:56:04] HTTP_CODE: 200
[2026-06-03 10:56:04] RAW_RESPONSE: {"code":"016","content":{"transactions":{"status":"failed","product_name":"Airtel Airtime VTU","unique_element":"09076602239","unit_price":"50","quantity":1,"service_verification":null,"channel":"api","commission":1.5,"total_amount":48.5,"discount":null,"type":"Airtime Recharge","email":"mikec9613@gmail.com","phone":"09041728815","name":null,"convinience_fee":0,"amount":"50","platform":"api","method":"api","transactionId":"17804769397774586300510793","commission_details":{"amount":1.5,"rate":"3.00","rate_type":"percent","computation_type":"default"}}},"response_description":"TRANSACTION FAILED","requestId":"AIR_20260603105538_4722","amount":50,"transaction_date":"2026-06-03T08:55:39.000000Z","purchased_code":""}
[2026-06-03 10:56:04] PARSED_RESPONSE: {"code":"016","content":{"transactions":{"status":"failed","product_name":"Airtel Airtime VTU","unique_element":"09076602239","unit_price":"50","quantity":1,"service_verification":null,"channel":"api","commission":1.5,"total_amount":48.5,"discount":null,"type":"Airtime Recharge","email":"mikec9613@gmail.com","phone":"09041728815","name":null,"convinience_fee":0,"amount":"50","platform":"api","method":"api","transactionId":"17804769397774586300510793","commission_details":{"amount":1.5,"rate":"3.00","rate_type":"percent","computation_type":"default"}}},"response_description":"TRANSACTION FAILED","requestId":"AIR_20260603105538_4722","amount":50,"transaction_date":"2026-06-03T08:55:39.000000Z","purchased_code":""}
[2026-06-03 10:59:30] REQUEST: {"request_id":"AIR_20260603105930_5567","serviceID":"airtel","amount":50,"phone":"09076602239"}
[2026-06-03 11:00:00] HTTP_CODE: 200
[2026-06-03 11:00:00] RAW_RESPONSE: {"code":"016","content":{"transactions":{"status":"failed","product_name":"Airtel Airtime VTU","unique_element":"09076602239","unit_price":"50","quantity":1,"service_verification":null,"channel":"api","commission":1.5,"total_amount":48.5,"discount":null,"type":"Airtime Recharge","email":"mikec9613@gmail.com","phone":"09041728815","name":null,"convinience_fee":0,"amount":"50","platform":"api","method":"api","transactionId":"17804771723350488073923372","commission_details":{"amount":1.5,"rate":"3.00","rate_type":"percent","computation_type":"default"}}},"response_description":"TRANSACTION FAILED","requestId":"AIR_20260603105930_5567","amount":50,"transaction_date":"2026-06-03T08:59:32.000000Z","purchased_code":""}
[2026-06-03 11:00:00] PARSED_RESPONSE: {"code":"016","content":{"transactions":{"status":"failed","product_name":"Airtel Airtime VTU","unique_element":"09076602239","unit_price":"50","quantity":1,"service_verification":null,"channel":"api","commission":1.5,"total_amount":48.5,"discount":null,"type":"Airtime Recharge","email":"mikec9613@gmail.com","phone":"09041728815","name":null,"convinience_fee":0,"amount":"50","platform":"api","method":"api","transactionId":"17804771723350488073923372","commission_details":{"amount":1.5,"rate":"3.00","rate_type":"percent","computation_type":"default"}}},"response_description":"TRANSACTION FAILED","requestId":"AIR_20260603105930_5567","amount":50,"transaction_date":"2026-06-03T08:59:32.000000Z","purchased_code":""}
[2026-06-03 11:05:44] REQUEST: {"request_id":"AIR_20260603110544_1101","serviceID":"airtel","amount":50,"phone":"08011111111"}
[2026-06-03 11:05:55] HTTP_CODE: 0
[2026-06-03 11:05:55] RAW_RESPONSE: false
[2026-06-03 11:12:29] REQUEST: {"request_id":"AIR_20260603111229_201","serviceID":"airtel","amount":50,"phone":"08011111111"}
[2026-06-03 11:12:47] HTTP_CODE: 200
[2026-06-03 11:12:48] RAW_RESPONSE: {"code":"000","content":{"transactions":{"status":"delivered","product_name":"Airtel Airtime VTU","unique_element":"08011111111","unit_price":"50","quantity":1,"service_verification":null,"channel":"api","commission":1.5,"total_amount":48.5,"discount":null,"type":"Airtime Recharge","email":"mikec9613@gmail.com","phone":"09041728815","name":null,"convinience_fee":0,"amount":"50","platform":"api","method":"api","transactionId":"17804779535726621728124178","commission_details":{"amount":1.5,"rate":"3.00","rate_type":"percent","computation_type":"default"}}},"response_description":"TRANSACTION SUCCESSFUL","requestId":"AIR_20260603111229_201","amount":50,"transaction_date":"2026-06-03T09:12:33.000000Z","purchased_code":""}
[2026-06-03 11:12:48] PARSED_RESPONSE: {"code":"000","content":{"transactions":{"status":"delivered","product_name":"Airtel Airtime VTU","unique_element":"08011111111","unit_price":"50","quantity":1,"service_verification":null,"channel":"api","commission":1.5,"total_amount":48.5,"discount":null,"type":"Airtime Recharge","email":"mikec9613@gmail.com","phone":"09041728815","name":null,"convinience_fee":0,"amount":"50","platform":"api","method":"api","transactionId":"17804779535726621728124178","commission_details":{"amount":1.5,"rate":"3.00","rate_type":"percent","computation_type":"default"}}},"response_description":"TRANSACTION SUCCESSFUL","requestId":"AIR_20260603111229_201","amount":50,"transaction_date":"2026-06-03T09:12:33.000000Z","purchased_code":""}
[2026-06-03 11:12:48] DB_ERROR: SQLSTATE[42S22]: Column not found: 1054 Unknown column 'external_reference' in 'field list'
[2026-06-03 11:14:21] REQUEST: {"request_id":"AIR_20260603111421_201","serviceID":"airtel","amount":50,"phone":"08011111111"}
[2026-06-03 11:14:44] HTTP_CODE: 200
[2026-06-03 11:14:44] RAW_RESPONSE: {"code":"000","content":{"transactions":{"status":"delivered","product_name":"Airtel Airtime VTU","unique_element":"08011111111","unit_price":"50","quantity":1,"service_verification":null,"channel":"api","commission":1.5,"total_amount":48.5,"discount":null,"type":"Airtime Recharge","email":"mikec9613@gmail.com","phone":"09041728815","name":null,"convinience_fee":0,"amount":"50","platform":"api","method":"api","transactionId":"17804780702773930450951543","commission_details":{"amount":1.5,"rate":"3.00","rate_type":"percent","computation_type":"default"}}},"response_description":"TRANSACTION SUCCESSFUL","requestId":"AIR_20260603111421_201","amount":50,"transaction_date":"2026-06-03T09:14:30.000000Z","purchased_code":""}
[2026-06-03 11:14:44] PARSED_RESPONSE: {"code":"000","content":{"transactions":{"status":"delivered","product_name":"Airtel Airtime VTU","unique_element":"08011111111","unit_price":"50","quantity":1,"service_verification":null,"channel":"api","commission":1.5,"total_amount":48.5,"discount":null,"type":"Airtime Recharge","email":"mikec9613@gmail.com","phone":"09041728815","name":null,"convinience_fee":0,"amount":"50","platform":"api","method":"api","transactionId":"17804780702773930450951543","commission_details":{"amount":1.5,"rate":"3.00","rate_type":"percent","computation_type":"default"}}},"response_description":"TRANSACTION SUCCESSFUL","requestId":"AIR_20260603111421_201","amount":50,"transaction_date":"2026-06-03T09:14:30.000000Z","purchased_code":""}
[2026-06-03 11:14:44] DB_ERROR: SQLSTATE[42S22]: Column not found: 1054 Unknown column 'user_id' in 'field list'
[2026-06-03 11:19:21] REQUEST: {"request_id":"AIR_20260603111921_321","serviceID":"airtel","amount":50,"phone":"08011111111"}
[2026-06-03 11:19:38] HTTP_CODE: 200
[2026-06-03 11:19:38] RAW_RESPONSE: {"code":"000","content":{"transactions":{"status":"delivered","product_name":"Airtel Airtime VTU","unique_element":"08011111111","unit_price":"50","quantity":1,"service_verification":null,"channel":"api","commission":1.5,"total_amount":48.5,"discount":null,"type":"Airtime Recharge","email":"mikec9613@gmail.com","phone":"09041728815","name":null,"convinience_fee":0,"amount":"50","platform":"api","method":"api","transactionId":"17804783627518798415370766","commission_details":{"amount":1.5,"rate":"3.00","rate_type":"percent","computation_type":"default"}}},"response_description":"TRANSACTION SUCCESSFUL","requestId":"AIR_20260603111921_321","amount":50,"transaction_date":"2026-06-03T09:19:22.000000Z","purchased_code":""}
[2026-06-03 11:19:38] PARSED_RESPONSE: {"code":"000","content":{"transactions":{"status":"delivered","product_name":"Airtel Airtime VTU","unique_element":"08011111111","unit_price":"50","quantity":1,"service_verification":null,"channel":"api","commission":1.5,"total_amount":48.5,"discount":null,"type":"Airtime Recharge","email":"mikec9613@gmail.com","phone":"09041728815","name":null,"convinience_fee":0,"amount":"50","platform":"api","method":"api","transactionId":"17804783627518798415370766","commission_details":{"amount":1.5,"rate":"3.00","rate_type":"percent","computation_type":"default"}}},"response_description":"TRANSACTION SUCCESSFUL","requestId":"AIR_20260603111921_321","amount":50,"transaction_date":"2026-06-03T09:19:22.000000Z","purchased_code":""}
[2026-06-03 11:19:38] DB_ERROR: SQLSTATE[42S22]: Column not found: 1054 Unknown column 'reference' in 'field list'
[2026-06-03 11:26:15] REQUEST: {"request_id":"AIR_20260603112615_991","serviceID":"airtel","amount":50,"phone":"08011111111"}
[2026-06-03 11:26:31] HTTP_CODE: 200
[2026-06-03 11:26:31] RAW_RESPONSE: {"code":"000","content":{"transactions":{"status":"delivered","product_name":"Airtel Airtime VTU","unique_element":"08011111111","unit_price":"50","quantity":1,"service_verification":null,"channel":"api","commission":1.5,"total_amount":48.5,"discount":null,"type":"Airtime Recharge","email":"mikec9613@gmail.com","phone":"09041728815","name":null,"convinience_fee":0,"amount":"50","platform":"api","method":"api","transactionId":"17804787769496881910894445","commission_details":{"amount":1.5,"rate":"3.00","rate_type":"percent","computation_type":"default"}}},"response_description":"TRANSACTION SUCCESSFUL","requestId":"AIR_20260603112615_991","amount":50,"transaction_date":"2026-06-03T09:26:16.000000Z","purchased_code":""}
[2026-06-03 11:26:31] PARSED_RESPONSE: {"code":"000","content":{"transactions":{"status":"delivered","product_name":"Airtel Airtime VTU","unique_element":"08011111111","unit_price":"50","quantity":1,"service_verification":null,"channel":"api","commission":1.5,"total_amount":48.5,"discount":null,"type":"Airtime Recharge","email":"mikec9613@gmail.com","phone":"09041728815","name":null,"convinience_fee":0,"amount":"50","platform":"api","method":"api","transactionId":"17804787769496881910894445","commission_details":{"amount":1.5,"rate":"3.00","rate_type":"percent","computation_type":"default"}}},"response_description":"TRANSACTION SUCCESSFUL","requestId":"AIR_20260603112615_991","amount":50,"transaction_date":"2026-06-03T09:26:16.000000Z","purchased_code":""}
[2026-06-03 11:26:31] DB_ERROR: SQLSTATE[HY093]: Invalid parameter number: number of bound variables does not match number of tokens
[2026-06-03 11:27:54] REQUEST: {"request_id":"AIR_20260603112754_860","serviceID":"airtel","amount":50,"phone":"08011111111"}
[2026-06-03 11:28:24] HTTP_CODE: 0
[2026-06-03 11:28:25] RAW_RESPONSE: false
[2026-06-03 11:29:07] REQUEST: {"request_id":"AIR_20260603112907_868","serviceID":"airtel","amount":50,"phone":"08011111111"}
[2026-06-03 11:29:33] HTTP_CODE: 200
[2026-06-03 11:29:33] RAW_RESPONSE: {"code":"000","content":{"transactions":{"status":"delivered","product_name":"Airtel Airtime VTU","unique_element":"08011111111","unit_price":"50","quantity":1,"service_verification":null,"channel":"api","commission":1.5,"total_amount":48.5,"discount":null,"type":"Airtime Recharge","email":"mikec9613@gmail.com","phone":"09041728815","name":null,"convinience_fee":0,"amount":"50","platform":"api","method":"api","transactionId":"17804789519281577088321247","commission_details":{"amount":1.5,"rate":"3.00","rate_type":"percent","computation_type":"default"}}},"response_description":"TRANSACTION SUCCESSFUL","requestId":"AIR_20260603112907_868","amount":50,"transaction_date":"2026-06-03T09:29:11.000000Z","purchased_code":""}
[2026-06-03 11:29:33] PARSED_RESPONSE: {"code":"000","content":{"transactions":{"status":"delivered","product_name":"Airtel Airtime VTU","unique_element":"08011111111","unit_price":"50","quantity":1,"service_verification":null,"channel":"api","commission":1.5,"total_amount":48.5,"discount":null,"type":"Airtime Recharge","email":"mikec9613@gmail.com","phone":"09041728815","name":null,"convinience_fee":0,"amount":"50","platform":"api","method":"api","transactionId":"17804789519281577088321247","commission_details":{"amount":1.5,"rate":"3.00","rate_type":"percent","computation_type":"default"}}},"response_description":"TRANSACTION SUCCESSFUL","requestId":"AIR_20260603112907_868","amount":50,"transaction_date":"2026-06-03T09:29:11.000000Z","purchased_code":""}
[2026-06-03 11:29:33] DB_ERROR: SQLSTATE[42S22]: Column not found: 1054 Unknown column 'reference' in 'field list'
[2026-06-03 11:37:21] REQUEST: {"request_id":"AIR_20260603113721_659","serviceID":"airtel","amount":50,"phone":"08011111111"}
[2026-06-03 11:37:37] HTTP_CODE: 200
[2026-06-03 11:37:37] RAW_RESPONSE: {"code":"000","content":{"transactions":{"status":"delivered","product_name":"Airtel Airtime VTU","unique_element":"08011111111","unit_price":"50","quantity":1,"service_verification":null,"channel":"api","commission":1.5,"total_amount":48.5,"discount":null,"type":"Airtime Recharge","email":"mikec9613@gmail.com","phone":"09041728815","name":null,"convinience_fee":0,"amount":"50","platform":"api","method":"api","transactionId":"17804794440097518469932821","commission_details":{"amount":1.5,"rate":"3.00","rate_type":"percent","computation_type":"default"}}},"response_description":"TRANSACTION SUCCESSFUL","requestId":"AIR_20260603113721_659","amount":50,"transaction_date":"2026-06-03T09:37:24.000000Z","purchased_code":""}
[2026-06-03 11:37:37] PARSED_RESPONSE: {"code":"000","content":{"transactions":{"status":"delivered","product_name":"Airtel Airtime VTU","unique_element":"08011111111","unit_price":"50","quantity":1,"service_verification":null,"channel":"api","commission":1.5,"total_amount":48.5,"discount":null,"type":"Airtime Recharge","email":"mikec9613@gmail.com","phone":"09041728815","name":null,"convinience_fee":0,"amount":"50","platform":"api","method":"api","transactionId":"17804794440097518469932821","commission_details":{"amount":1.5,"rate":"3.00","rate_type":"percent","computation_type":"default"}}},"response_description":"TRANSACTION SUCCESSFUL","requestId":"AIR_20260603113721_659","amount":50,"transaction_date":"2026-06-03T09:37:24.000000Z","purchased_code":""}
[2026-06-03 11:37:37] DB_ERROR: SQLSTATE[42S22]: Column not found: 1054 Unknown column 'reference' in 'field list'
[2026-06-03 11:43:16] REQUEST: {"request_id":"AIR_20260603114316_149","serviceID":"airtel","amount":50,"phone":"08011111111"}
[2026-06-03 11:43:32] HTTP_CODE: 200
[2026-06-03 11:43:32] RAW_RESPONSE: {"code":"000","content":{"transactions":{"status":"delivered","product_name":"Airtel Airtime VTU","unique_element":"08011111111","unit_price":"50","quantity":1,"service_verification":null,"channel":"api","commission":1.5,"total_amount":48.5,"discount":null,"type":"Airtime Recharge","email":"mikec9613@gmail.com","phone":"09041728815","name":null,"convinience_fee":0,"amount":"50","platform":"api","method":"api","transactionId":"17804797986279915501299619","commission_details":{"amount":1.5,"rate":"3.00","rate_type":"percent","computation_type":"default"}}},"response_description":"TRANSACTION SUCCESSFUL","requestId":"AIR_20260603114316_149","amount":50,"transaction_date":"2026-06-03T09:43:18.000000Z","purchased_code":""}
[2026-06-03 11:43:32] PARSED_RESPONSE: {"code":"000","content":{"transactions":{"status":"delivered","product_name":"Airtel Airtime VTU","unique_element":"08011111111","unit_price":"50","quantity":1,"service_verification":null,"channel":"api","commission":1.5,"total_amount":48.5,"discount":null,"type":"Airtime Recharge","email":"mikec9613@gmail.com","phone":"09041728815","name":null,"convinience_fee":0,"amount":"50","platform":"api","method":"api","transactionId":"17804797986279915501299619","commission_details":{"amount":1.5,"rate":"3.00","rate_type":"percent","computation_type":"default"}}},"response_description":"TRANSACTION SUCCESSFUL","requestId":"AIR_20260603114316_149","amount":50,"transaction_date":"2026-06-03T09:43:18.000000Z","purchased_code":""}
[2026-06-03 11:43:32] DB_ERROR: SQLSTATE[HY093]: Invalid parameter number: number of bound variables does not match number of tokens
